<?xml version="1.0" encoding="UTF-8"?>
<!-- Generated by org.testng.reporters.JUnitXMLReporter -->
<testsuite hostname="BGLR-RAJESHV" name="Default test(failed)(failed)" tests="2" failures="2" timestamp="28 Mar 2014 19:08:56 GMT" time="217.206" errors="0">
  <testcase name="chkInactive" time="88.646" classname="ethos.test.VolumeShapeOutput">
    <failure type="java.lang.AssertionError" message="Reset button didn&amp;apos;t reset the values">
      <![CDATA[java.lang.AssertionError: Reset button didn't reset the values
	at com.thoughtworks.selenium.SeleneseTestBase.fail(SeleneseTestBase.java:391)
	at com.thoughtworks.selenium.SeleneseTestBase.assertTrue(SeleneseTestBase.java:395)
	at ethos.test.VolumeShapeOutput.chkInactive(VolumeShapeOutput.java:93)
... Removed 24 stack frames]]>
    </failure>
  </testcase> <!-- chkInactive -->
  <testcase name="chkResetBtn" time="59.532" classname="ethos.test.VolumeShapeOutput">
    <failure type="java.lang.AssertionError" message="Reset button didn&amp;apos;t reset the values">
      <![CDATA[java.lang.AssertionError: Reset button didn't reset the values
	at com.thoughtworks.selenium.SeleneseTestBase.fail(SeleneseTestBase.java:391)
	at com.thoughtworks.selenium.SeleneseTestBase.assertTrue(SeleneseTestBase.java:395)
	at ethos.test.VolumeShapeOutput.chkResetBtn(VolumeShapeOutput.java:79)
... Removed 24 stack frames]]>
    </failure>
  </testcase> <!-- chkResetBtn -->
</testsuite> <!-- Default test(failed)(failed) -->
